

processing file: analysis.Rmd
1/16                    
2/16 [setup]            
3/16                    
4/16 [python_setup]     
/opt/micromamba/envs/shortcake_default/lib/python3.10/site-packages/anndata/utils.py:429: FutureWarning: Importing read_csv from `anndata` is deprecated. Import anndata.io.read_csv instead.
  warnings.warn(msg, FutureWarning)
/opt/micromamba/envs/shortcake_default/lib/python3.10/site-packages/anndata/utils.py:429: FutureWarning: Importing read_text from `anndata` is deprecated. Import anndata.io.read_text instead.
  warnings.warn(msg, FutureWarning)
/opt/micromamba/envs/shortcake_default/lib/python3.10/site-packages/anndata/utils.py:429: FutureWarning: Importing read_excel from `anndata` is deprecated. Import anndata.io.read_excel instead.
  warnings.warn(msg, FutureWarning)
/opt/micromamba/envs/shortcake_default/lib/python3.10/site-packages/anndata/utils.py:429: FutureWarning: Importing read_mtx from `anndata` is deprecated. Import anndata.io.read_mtx instead.
  warnings.warn(msg, FutureWarning)
/opt/micromamba/envs/shortcake_default/lib/python3.10/site-packages/anndata/utils.py:429: FutureWarning: Importing read_loom from `anndata` is deprecated. Import anndata.io.read_loom instead.
  warnings.warn(msg, FutureWarning)
/opt/micromamba/envs/shortcake_default/lib/python3.10/site-packages/anndata/utils.py:429: FutureWarning: Importing read_hdf from `anndata` is deprecated. Import anndata.io.read_hdf instead.
  warnings.warn(msg, FutureWarning)
/opt/micromamba/envs/shortcake_default/lib/python3.10/site-packages/anndata/utils.py:429: FutureWarning: Importing read_umi_tools from `anndata` is deprecated. Import anndata.io.read_umi_tools instead.
  warnings.warn(msg, FutureWarning)
5/16                    
6/16 [process_project]  
7/16                    
8/16 [load_data]        
9/16                    
10/16 [age_dist]         
11/16                    
12/16 [combined_analysis]
13/16                    
14/16 [l2_cell_types]    
15/16                    
16/16 [l2_analysis]      
output file: analysis.knit.md

/opt/micromamba/envs/shortcake_default/bin/pandoc +RTS -K512m -RTS analysis.knit.md --to html4 --from markdown+autolink_bare_uris+tex_math_single_backslash --output analysis.html --lua-filter /usr/local/lib/R/site-library/rmarkdown/rmarkdown/lua/pagebreak.lua --lua-filter /usr/local/lib/R/site-library/rmarkdown/rmarkdown/lua/latex-div.lua --lua-filter /usr/local/lib/R/site-library/rmarkdown/rmarkdown/lua/table-classes.lua --embed-resources --standalone --variable bs3=TRUE --section-divs --template /usr/local/lib/R/site-library/rmarkdown/rmd/h/default.html --no-highlight --variable highlightjs=1 --variable theme=bootstrap --mathjax --variable 'mathjax-url=https://mathjax.rstudio.com/latest/MathJax.js?config=TeX-AMS-MML_HTMLorMML' --include-in-header /tmp/RtmpVPMtE0/rmarkdown-str13eba43ce7da85.html 

Output created: analysis.html
